<?xml version="1.0" encoding="UTF-8"?>
<!-- Generated by org.testng.reporters.JUnitXMLReporter -->
<testsuite ignored="0" hostname="MKT" failures="1" tests="1" name="Testing on Chrome(failed)" time="15.169" errors="0" timestamp="2026-06-09T21:42:34 IST">
  <testcase classname="testngprograms.TestCase2_AmazonSearchAndClick" name="searchingTheProductClickingOn1st" time="7.511">
    <failure type="java.lang.IndexOutOfBoundsException" message="Index 1000 out of bounds for length 72">
      <![CDATA[java.lang.IndexOutOfBoundsException: Index 1000 out of bounds for length 72
at java.base/jdk.internal.util.Preconditions.outOfBounds(Preconditions.java:64)
at java.base/jdk.internal.util.Preconditions.outOfBoundsCheckIndex(Preconditions.java:70)
at java.base/jdk.internal.util.Preconditions.checkIndex(Preconditions.java:266)
at java.base/java.util.Objects.checkIndex(Objects.java:359)
at java.base/java.util.ArrayList.get(ArrayList.java:427)
at testngprograms.TestCase2_AmazonSearchAndClick.searchingTheProductClickingOn1st(TestCase2_AmazonSearchAndClick.java:20)
at java.base/java.util.ArrayList.forEach(ArrayList.java:1511)
... Removed 27 stack frames]]>
    </failure>
  </testcase> <!-- searchingTheProductClickingOn1st -->
</testsuite> <!-- Testing on Chrome(failed) -->
