<?xml version="1.0" encoding="UTF-8"?>
<!-- Generated by org.testng.reporters.JUnitXMLReporter -->
<testsuite ignored="0" hostname="MKT" failures="0" tests="2" name="Testing on Edge" time="43.464" errors="0" timestamp="2026-06-08T22:25:08 IST">
  <testcase classname="testngprograms.TestCase1_AmazonSearch" name="searchingTheProduct" time="5.618"/>
  <testcase classname="testngprograms.TestCase2_AmazonSearchAndClick" name="searchingTheProductClickingOn1st" time="17.409"/>
</testsuite> <!-- Testing on Edge -->
