<?xml version="1.0" encoding="UTF-8"?>
<!-- Generated by org.testng.reporters.JUnitXMLReporter -->
<testsuite ignored="0" hostname="MKT" failures="0" tests="2" name="Testing on Firefox" time="41.332" errors="0" timestamp="2026-06-08T22:25:05 IST">
  <testcase classname="testngprograms.TestCase1_AmazonSearch" name="searchingTheProduct" time="0.426"/>
  <testcase classname="testngprograms.TestCase2_AmazonSearchAndClick" name="searchingTheProductClickingOn1st" time="5.186"/>
</testsuite> <!-- Testing on Firefox -->
