<?xml version="1.0" encoding="UTF-8"?>
<!-- Generated by org.testng.reporters.JUnitXMLReporter -->
<testsuite ignored="0" hostname="Geeta" failures="1" tests="1" name="Default test(failed)(failed)" time="10.111" errors="0" timestamp="2026-06-12T18:46:21 IST">
  <testcase classname="testNG_MKT.Testcase2_AmazonSearchandClick" name="searchingandClinkingthefirstproduct" time="3.897">
    <failure type="java.lang.IndexOutOfBoundsException" message="Index 1000 out of bounds for length 72">
      <![CDATA[java.lang.IndexOutOfBoundsException: Index 1000 out of bounds for length 72
at java.base/jdk.internal.util.Preconditions.outOfBounds(Preconditions.java:100)
at java.base/jdk.internal.util.Preconditions.outOfBoundsCheckIndex(Preconditions.java:106)
at java.base/jdk.internal.util.Preconditions.checkIndex(Preconditions.java:302)
at java.base/java.util.Objects.checkIndex(Objects.java:385)
at java.base/java.util.ArrayList.get(ArrayList.java:427)
at testNG_MKT.Testcase2_AmazonSearchandClick.searchingandClinkingthefirstproduct(Testcase2_AmazonSearchandClick.java:19)
at java.base/java.util.ArrayList.forEach(ArrayList.java:1596)
... Removed 25 stack frames]]>
    </failure>
  </testcase> <!-- searchingandClinkingthefirstproduct -->
</testsuite> <!-- Default test(failed)(failed) -->
