<?xml version="1.0" encoding="UTF-8"?>
<testng-results ignored="0" total="1" passed="1" failed="0" skipped="0">
  <reporter-output>
  </reporter-output>
  <suite started-at="2026-06-26T20:43:31 IST" name="Default suite" finished-at="2026-06-26T20:44:20 IST" duration-ms="48611">
    <groups>
    </groups>
    <test started-at="2026-06-26T20:43:31 IST" name="Default test" finished-at="2026-06-26T20:44:20 IST" duration-ms="48611">
      <class name="assert_methods_TestNg.AssrtionsClass">
        <test-method is-config="true" signature="launchbrowser()[pri:0, instance:assert_methods_TestNg.AssrtionsClass@3c9754d8]" started-at="2026-06-26T20:43:31 IST" name="launchbrowser" finished-at="2026-06-26T20:43:38 IST" duration-ms="7284" status="PASS">
          <reporter-output>
          </reporter-output>
        </test-method> <!-- launchbrowser -->
        <test-method signature="amazonLogin()[pri:0, instance:assert_methods_TestNg.AssrtionsClass@3c9754d8]" started-at="2026-06-26T20:43:38 IST" name="amazonLogin" finished-at="2026-06-26T20:44:19 IST" duration-ms="40430" status="PASS">
          <reporter-output>
          </reporter-output>
        </test-method> <!-- amazonLogin -->
        <test-method is-config="true" signature="quitbrwoser()[pri:0, instance:assert_methods_TestNg.AssrtionsClass@3c9754d8]" started-at="2026-06-26T20:44:19 IST" name="quitbrwoser" finished-at="2026-06-26T20:44:20 IST" duration-ms="850" status="PASS">
          <reporter-output>
          </reporter-output>
        </test-method> <!-- quitbrwoser -->
      </class> <!-- assert_methods_TestNg.AssrtionsClass -->
    </test> <!-- Default test -->
  </suite> <!-- Default suite -->
</testng-results>
