<?xml version="1.0" encoding="UTF-8"?>
<!-- Generated by org.testng.reporters.JUnitReportReporter -->
<testsuite hostname="Geeta" failures="0" tests="3" name="annotations.TC001_Amazon" time="49.303" errors="0" timestamp="2026-06-21T18:35:25 IST" skipped="0">
  <testcase classname="annotations.TC001_Amazon" name="amazonsearchproduct" time="13.548"/>
  <testcase classname="annotations.TC001_Amazon" name="amazonsearchproduct" time="21.995"/>
  <testcase classname="annotations.TC001_Amazon" name="amazonsearchproduct" time="13.760"/>
</testsuite> <!-- annotations.TC001_Amazon -->
