<?xml version="1.0" encoding="UTF-8"?>
<!-- Generated by org.testng.reporters.JUnitReportReporter -->
<testsuite hostname="Geeta" failures="0" tests="3" name="DataProvider_testNGAnnotations.Demo_Practise_DDT" time="15.326" errors="0" timestamp="2026-06-23T14:57:29 IST" skipped="0">
  <testcase classname="DataProvider_testNGAnnotations.Demo_Practise_DDT" name="testcases" time="4.938"/>
  <testcase classname="DataProvider_testNGAnnotations.Demo_Practise_DDT" name="testcases" time="5.363"/>
  <testcase classname="DataProvider_testNGAnnotations.Demo_Practise_DDT" name="testcases" time="5.025"/>
</testsuite> <!-- DataProvider_testNGAnnotations.Demo_Practise_DDT -->
