<?xml version="1.0" encoding="UTF-8"?>
<!-- Generated by org.testng.reporters.JUnitReportReporter -->
<testsuite hostname="Geeta" failures="0" tests="10" name="testNG_MKT.TwoTest2" time="0.018" errors="0" timestamp="2026-06-09T16:54:22 IST" skipped="0">
  <testcase classname="testNG_MKT.TwoTest2" name="login" time="0.001"/>
  <testcase classname="testNG_MKT.TwoTest2" name="login" time="0.002"/>
  <testcase classname="testNG_MKT.TwoTest2" name="login" time="0.001"/>
  <testcase classname="testNG_MKT.TwoTest2" name="login" time="0.001"/>
  <testcase classname="testNG_MKT.TwoTest2" name="login" time="0.001"/>
  <testcase classname="testNG_MKT.TwoTest2" name="login" time="0.001"/>
  <testcase classname="testNG_MKT.TwoTest2" name="login" time="0.001"/>
  <testcase classname="testNG_MKT.TwoTest2" name="login" time="0.001"/>
  <testcase classname="testNG_MKT.TwoTest2" name="login" time="0.007"/>
  <testcase classname="testNG_MKT.TwoTest2" name="login" time="0.002"/>
</testsuite> <!-- testNG_MKT.TwoTest2 -->
