<?xml version="1.0" encoding="UTF-8"?>
<!-- Generated by org.testng.reporters.JUnitReportReporter -->
<testsuite hostname="Geeta" failures="0" tests="5" name="DataProvider_testNGAnnotations.For_Loop2" time="43.051" errors="0" timestamp="2026-06-23T13:43:40 IST" skipped="0">
  <testcase classname="DataProvider_testNGAnnotations.For_Loop2" name="testcases" time="6.375"/>
  <testcase classname="DataProvider_testNGAnnotations.For_Loop2" name="testcases" time="12.551"/>
  <testcase classname="DataProvider_testNGAnnotations.For_Loop2" name="testcases" time="5.908"/>
  <testcase classname="DataProvider_testNGAnnotations.For_Loop2" name="testcases" time="12.395"/>
  <testcase classname="DataProvider_testNGAnnotations.For_Loop2" name="testcases" time="5.822"/>
</testsuite> <!-- DataProvider_testNGAnnotations.For_Loop2 -->
