<?xml version="1.0" encoding="UTF-8"?>
<!-- Generated by org.testng.reporters.JUnitReportReporter -->
<testsuite hostname="Geeta" failures="0" tests="1" name="testNG_MKT.Reportlog_Testcase2_AmazonSearchandClick2" time="15.614" errors="0" timestamp="2026-06-18T20:49:05 IST" skipped="0">
  <testcase classname="testNG_MKT.Reportlog_Testcase2_AmazonSearchandClick2" name="searchingandClinkingthefirstproduct" time="15.614">
    <system-out>
      <![CDATA[Browser launch and URl launch succeessfully
Searching the product
Clicking on the first product]]>
    </system-out>
  </testcase> <!-- searchingandClinkingthefirstproduct -->
  <system-out>
    <![CDATA[Browser launch and URl launch succesfully
Searching the product
Browser launch and URl launch succeessfully
Searching the product
Clicking on the first product]]>
  </system-out>
</testsuite> <!-- testNG_MKT.Reportlog_Testcase2_AmazonSearchandClick2 -->
