<?xml version="1.0" encoding="UTF-8"?>
<!-- Generated by org.testng.reporters.JUnitReportReporter -->
<testsuite hostname="Geeta" failures="0" tests="10" name="DataProvider_testNGAnnotations.Amazon_searchProducts_DDT" time="89.533" errors="0" timestamp="2026-06-23T15:27:13 IST" skipped="0">
  <testcase classname="DataProvider_testNGAnnotations.Amazon_searchProducts_DDT" name="testcases" time="8.115"/>
  <testcase classname="DataProvider_testNGAnnotations.Amazon_searchProducts_DDT" name="testcases" time="7.983"/>
  <testcase classname="DataProvider_testNGAnnotations.Amazon_searchProducts_DDT" name="testcases" time="8.203"/>
  <testcase classname="DataProvider_testNGAnnotations.Amazon_searchProducts_DDT" name="testcases" time="10.767"/>
  <testcase classname="DataProvider_testNGAnnotations.Amazon_searchProducts_DDT" name="testcases" time="8.051"/>
  <testcase classname="DataProvider_testNGAnnotations.Amazon_searchProducts_DDT" name="testcases" time="7.633"/>
  <testcase classname="DataProvider_testNGAnnotations.Amazon_searchProducts_DDT" name="testcases" time="11.727"/>
  <testcase classname="DataProvider_testNGAnnotations.Amazon_searchProducts_DDT" name="testcases" time="8.389"/>
  <testcase classname="DataProvider_testNGAnnotations.Amazon_searchProducts_DDT" name="testcases" time="8.687"/>
  <testcase classname="DataProvider_testNGAnnotations.Amazon_searchProducts_DDT" name="testcases" time="9.978"/>
</testsuite> <!-- DataProvider_testNGAnnotations.Amazon_searchProducts_DDT -->
