<?xml version="1.0" encoding="UTF-8"?>
<!-- Generated by org.testng.reporters.JUnitReportReporter -->
<testsuite hostname="Geeta" failures="0" tests="3" name="testNG_Browsers.TestCase2_Facebooksignin" time="36.565" errors="0" timestamp="2026-06-10T15:48:47 IST" skipped="0">
  <testcase classname="testNG_Browsers.TestCase2_Facebooksignin" name="facebookpasswordsignin" time="11.837"/>
  <testcase classname="testNG_Browsers.TestCase2_Facebooksignin" name="facebookpasswordsignin" time="11.719"/>
  <testcase classname="testNG_Browsers.TestCase2_Facebooksignin" name="facebookpasswordsignin" time="13.009"/>
</testsuite> <!-- testNG_Browsers.TestCase2_Facebooksignin -->
