<?xml version="1.0" encoding="UTF-8"?>
<!-- Generated by org.testng.reporters.JUnitReportReporter -->
<testsuite hostname="Geeta" failures="0" tests="4" name="DataProvider_testNGAnnotations.DDT_forFaceBookLogin" time="23.928" errors="0" timestamp="2026-06-23T13:58:26 IST" skipped="0">
  <testcase classname="DataProvider_testNGAnnotations.DDT_forFaceBookLogin" name="testcases" time="5.189"/>
  <testcase classname="DataProvider_testNGAnnotations.DDT_forFaceBookLogin" name="testcases" time="7.119"/>
  <testcase classname="DataProvider_testNGAnnotations.DDT_forFaceBookLogin" name="testcases" time="5.342"/>
  <testcase classname="DataProvider_testNGAnnotations.DDT_forFaceBookLogin" name="testcases" time="6.278"/>
</testsuite> <!-- DataProvider_testNGAnnotations.DDT_forFaceBookLogin -->
