<?xml version="1.0" encoding="UTF-8"?>
<!-- Generated by org.testng.reporters.JUnitReportReporter -->
<testsuite hostname="Geeta" failures="0" tests="1" name="testNG_Browsers.Testcasefor_Flipcart_MobilesAutosuggessions" time="12.312" errors="0" timestamp="2026-06-24T14:16:29 IST" skipped="0">
  <testcase classname="testNG_Browsers.Testcasefor_Flipcart_MobilesAutosuggessions" name="flipcartautosuggessions" time="12.312"/>
</testsuite> <!-- testNG_Browsers.Testcasefor_Flipcart_MobilesAutosuggessions -->
