<?xml version="1.0" encoding="UTF-8"?>
<!-- Generated by org.testng.reporters.JUnitReportReporter -->
<testsuite hostname="Geeta" failures="0" tests="3" name="DataProvider_testNGAnnotations.OrangeHRM_Login" time="22.243" errors="0" timestamp="2026-06-23T15:05:38 IST" skipped="0">
  <testcase classname="DataProvider_testNGAnnotations.OrangeHRM_Login" name="testcases" time="7.545"/>
  <testcase classname="DataProvider_testNGAnnotations.OrangeHRM_Login" name="testcases" time="6.962"/>
  <testcase classname="DataProvider_testNGAnnotations.OrangeHRM_Login" name="testcases" time="7.736"/>
</testsuite> <!-- DataProvider_testNGAnnotations.OrangeHRM_Login -->
