<?xml version="1.0" encoding="UTF-8"?>
<!-- Generated by org.testng.reporters.JUnitReportReporter -->
<testsuite hostname="Geeta" failures="0" tests="3" name="testNG_MKT.TwoTest_Enabled" time="0.009" errors="0" timestamp="2026-06-09T16:56:18 IST" skipped="1">
  <testcase classname="testNG_MKT.TwoTest_Enabled" name="logout" time="0.007"/>
  <testcase classname="testNG_MKT.TwoTest_Enabled" name="registaration" time="0.002"/>
  <testcase classname="testNG_MKT.TwoTest_Enabled" name="login">
    <skipped/>
  </testcase> <!-- login -->
</testsuite> <!-- testNG_MKT.TwoTest_Enabled -->
