<?xml version="1.0" encoding="UTF-8"?>
<!-- Generated by org.testng.reporters.JUnitReportReporter -->
<testsuite hostname="Geeta" failures="0" tests="10" name="DataProvider_testNGAnnotations.SearchproductwithmanyInputs" time="190.676" errors="0" timestamp="2026-06-19T15:21:22 IST" skipped="0">
  <testcase classname="DataProvider_testNGAnnotations.SearchproductwithmanyInputs" name="testcase" time="18.280"/>
  <testcase classname="DataProvider_testNGAnnotations.SearchproductwithmanyInputs" name="testcase" time="27.554"/>
  <testcase classname="DataProvider_testNGAnnotations.SearchproductwithmanyInputs" name="testcase" time="18.324"/>
  <testcase classname="DataProvider_testNGAnnotations.SearchproductwithmanyInputs" name="testcase" time="17.046"/>
  <testcase classname="DataProvider_testNGAnnotations.SearchproductwithmanyInputs" name="testcase" time="15.961"/>
  <testcase classname="DataProvider_testNGAnnotations.SearchproductwithmanyInputs" name="testcase" time="16.842"/>
  <testcase classname="DataProvider_testNGAnnotations.SearchproductwithmanyInputs" name="testcase" time="14.338"/>
  <testcase classname="DataProvider_testNGAnnotations.SearchproductwithmanyInputs" name="testcase" time="16.212"/>
  <testcase classname="DataProvider_testNGAnnotations.SearchproductwithmanyInputs" name="testcase" time="24.021"/>
  <testcase classname="DataProvider_testNGAnnotations.SearchproductwithmanyInputs" name="testcase" time="22.098"/>
</testsuite> <!-- DataProvider_testNGAnnotations.SearchproductwithmanyInputs -->
