<?xml version="1.0" encoding="UTF-8"?>
<!-- Generated by org.testng.reporters.JUnitReportReporter -->
<testsuite hostname="Geeta" failures="0" tests="3" name="testNG_MKT.TestNg_program" time="0.044" errors="0" timestamp="2026-06-09T00:18:29 IST" skipped="0">
  <testcase classname="testNG_MKT.TestNg_program" name="subtract" time="0.008"/>
  <testcase classname="testNG_MKT.TestNg_program" name="multiply" time="0.016"/>
  <testcase classname="testNG_MKT.TestNg_program" name="add" time="0.020"/>
</testsuite> <!-- testNG_MKT.TestNg_program -->
