<?xml version="1.0" encoding="UTF-8"?>
<!-- Generated by org.testng.reporters.JUnitReportReporter -->
<testsuite hostname="Geeta" failures="0" tests="3" name="testNG_Browsers.TestCase1_facebooklogin" time="41.246" errors="0" timestamp="2026-06-10T15:48:47 IST" skipped="0">
  <testcase classname="testNG_Browsers.TestCase1_facebooklogin" name="facebookemail" time="11.880"/>
  <testcase classname="testNG_Browsers.TestCase1_facebooklogin" name="facebookemail" time="11.812"/>
  <testcase classname="testNG_Browsers.TestCase1_facebooklogin" name="facebookemail" time="17.554"/>
</testsuite> <!-- testNG_Browsers.TestCase1_facebooklogin -->
