<?xml version="1.0" encoding="UTF-8"?>
<!-- Generated by org.testng.reporters.JUnitReportReporter -->
<testsuite hostname="Geeta" failures="0" tests="4" name="testNG_Browsers.Group_TestCases" time="0.014" errors="0" timestamp="2026-06-18T19:54:23 IST" skipped="0">
  <testcase classname="testNG_Browsers.Group_TestCases" name="logout" time="0.001"/>
  <testcase classname="testNG_Browsers.Group_TestCases" name="addtoCart" time="0.008"/>
  <testcase classname="testNG_Browsers.Group_TestCases" name="login" time="0.003"/>
  <testcase classname="testNG_Browsers.Group_TestCases" name="registration" time="0.002"/>
</testsuite> <!-- testNG_Browsers.Group_TestCases -->
