<?xml version="1.0" encoding="UTF-8"?>
<!-- Generated by org.testng.reporters.JUnitReportReporter -->
<testsuite hostname="Geeta" failures="0" tests="5" name="annotations.TC002_AmazonAddtocart" time="94.914" errors="1" timestamp="2026-06-21T18:35:25 IST" skipped="2">
  <testcase classname="annotations.TC002_AmazonAddtocart" name="addtocartamazon" time="24.354"/>
  <testcase classname="annotations.TC002_AmazonAddtocart" name="addtocartamazon" time="13.564">
    <skipped/>
  </testcase> <!-- addtocartamazon -->
  <testcase classname="annotations.TC002_AmazonAddtocart" name="addtocartamazon" time="13.830">
    <skipped/>
  </testcase> <!-- addtocartamazon -->
  <testcase classname="annotations.TC002_AmazonAddtocart" name="addtocartamazon" time="29.398"/>
  <testcase classname="annotations.TC002_AmazonAddtocart" name="addtocartamazon" time="13.768">
    <error message="Element &lt;a class=&quot;a-link-normal s-no-outline&quot; href=&quot;/sspa/click?ie=UTF8&amp;spc=MTo4Mzc1NjU2Njc0MTcyNTA2OjE3ODIwNDcwNjc6c3BfYXRmOjMwMTE0MDM1OTg0MzEzMjo6MDo6&amp;url=%2FApple-iPhone-17e-256-GB%2Fdp%2FB0GQVQY8B7%2Fref%3Dsr_1_1_sspa%3Fdib%3DeyJ2IjoiMSJ9.5A1B0sBlFMrX7AfT83xHTj19blULZ6C5Tvw0PdIGxCinISBALLsTTJGTfJkGjAPnBOuJRwwbo8Msw9GFgIec2jCfevATspkpfxn0SS-3z7m7skUJQlgPnhTFW3H2xa6jhAtqaOZUgxZQYsniwOKI7xYbk1fIfCqm-YUU0HmWD-vgfKu3VbeMGo9Mb8bSsPe51fPkd_8JxLZEtpIKe3UJRF7o6UkI0Dc94MoP7cq9Tsk.p64nu78E75oL04OvR-X8Bwd4tXL25D6vcSlQU4eta7g%26dib_tag%3Dse%26keywords%3Dmobiles%26qid%3D1782047067%26sr%3D8-1-spons%26aref%3DLqxC6fyScE%26sp_csd%3Dd2lkZ2V0TmFtZT1zcF9hdGY%26psc%3D1&amp;aref=LqxC6fyScE&amp;sp_cr=ZAZ&quot;&gt; could not be scrolled into view
Build info: version: &#039;4.43.0&#039;, revision: &#039;dd0f534&#039;
System info: os.name: &#039;Windows 11&#039;, os.arch: &#039;amd64&#039;, os.version: &#039;10.0&#039;, java.version: &#039;21.0.9&#039;
Driver info: org.openqa.selenium.firefox.FirefoxDriver
Command: [bb32b5d6-2a36-450d-833d-ce417dee3df2, clickElement {id=95004ea8-7bb2-4a0b-91c1-fa96e9827db7}]
Capabilities {acceptInsecureCerts: true, browserName: firefox, browserVersion: 152.0.1, moz:accessibilityChecks: false, moz:buildID: 20260617213557, moz:geckodriverVersion: 0.37.0, moz:headless: false, moz:platformVersion: 10.0, moz:processID: 38380, moz:profile: C:\Users\geeta\AppData\Loca..., moz:shutdownTimeout: 60000, moz:webdriverClick: true, moz:windowless: false, pageLoadStrategy: normal, platformName: windows, proxy: Proxy(), setWindowRect: true, strictFileInteractability: false, timeouts: {implicit: 0, pageLoad: 300000, script: 30000}, unhandledPromptBehavior: dismiss and notify, userAgent: Mozilla/5.0 (Windows NT 10....}
Element: [[FirefoxDriver: firefox on windows (bb32b5d6-2a36-450d-833d-ce417dee3df2)] -&gt; xpath: //a[@class=&#039;a-link-normal s-no-outline&#039;][1]]
Session ID: bb32b5d6-2a36-450d-833d-ce417dee3df2" type="org.openqa.selenium.ElementNotInteractableException">
      <![CDATA[org.openqa.selenium.ElementNotInteractableException: Element <a class="a-link-normal s-no-outline" href="/sspa/click?ie=UTF8&spc=MTo4Mzc1NjU2Njc0MTcyNTA2OjE3ODIwNDcwNjc6c3BfYXRmOjMwMTE0MDM1OTg0MzEzMjo6MDo6&url=%2FApple-iPhone-17e-256-GB%2Fdp%2FB0GQVQY8B7%2Fref%3Dsr_1_1_sspa%3Fdib%3DeyJ2IjoiMSJ9.5A1B0sBlFMrX7AfT83xHTj19blULZ6C5Tvw0PdIGxCinISBALLsTTJGTfJkGjAPnBOuJRwwbo8Msw9GFgIec2jCfevATspkpfxn0SS-3z7m7skUJQlgPnhTFW3H2xa6jhAtqaOZUgxZQYsniwOKI7xYbk1fIfCqm-YUU0HmWD-vgfKu3VbeMGo9Mb8bSsPe51fPkd_8JxLZEtpIKe3UJRF7o6UkI0Dc94MoP7cq9Tsk.p64nu78E75oL04OvR-X8Bwd4tXL25D6vcSlQU4eta7g%26dib_tag%3Dse%26keywords%3Dmobiles%26qid%3D1782047067%26sr%3D8-1-spons%26aref%3DLqxC6fyScE%26sp_csd%3Dd2lkZ2V0TmFtZT1zcF9hdGY%26psc%3D1&aref=LqxC6fyScE&sp_cr=ZAZ"> could not be scrolled into view
Build info: version: '4.43.0', revision: 'dd0f534'
System info: os.name: 'Windows 11', os.arch: 'amd64', os.version: '10.0', java.version: '21.0.9'
Driver info: org.openqa.selenium.firefox.FirefoxDriver
Command: [bb32b5d6-2a36-450d-833d-ce417dee3df2, clickElement {id=95004ea8-7bb2-4a0b-91c1-fa96e9827db7}]
Capabilities {acceptInsecureCerts: true, browserName: firefox, browserVersion: 152.0.1, moz:accessibilityChecks: false, moz:buildID: 20260617213557, moz:geckodriverVersion: 0.37.0, moz:headless: false, moz:platformVersion: 10.0, moz:processID: 38380, moz:profile: C:\Users\geeta\AppData\Loca..., moz:shutdownTimeout: 60000, moz:webdriverClick: true, moz:windowless: false, pageLoadStrategy: normal, platformName: windows, proxy: Proxy(), setWindowRect: true, strictFileInteractability: false, timeouts: {implicit: 0, pageLoad: 300000, script: 30000}, unhandledPromptBehavior: dismiss and notify, userAgent: Mozilla/5.0 (Windows NT 10....}
Element: [[FirefoxDriver: firefox on windows (bb32b5d6-2a36-450d-833d-ce417dee3df2)] -> xpath: //a[@class='a-link-normal s-no-outline'][1]]
Session ID: bb32b5d6-2a36-450d-833d-ce417dee3df2
at org.openqa.selenium.remote.ErrorCodec.decode(ErrorCodec.java:169)
at org.openqa.selenium.remote.codec.w3c.W3CHttpResponseCodec.decode(W3CHttpResponseCodec.java:142)
at org.openqa.selenium.remote.codec.w3c.W3CHttpResponseCodec.decode(W3CHttpResponseCodec.java:49)
at org.openqa.selenium.remote.HttpCommandExecutor.execute(HttpCommandExecutor.java:223)
at org.openqa.selenium.remote.service.DriverCommandExecutor.invokeExecute(DriverCommandExecutor.java:216)
at org.openqa.selenium.remote.service.DriverCommandExecutor.execute(DriverCommandExecutor.java:174)
at org.openqa.selenium.remote.RemoteWebDriver.execute(RemoteWebDriver.java:606)
at org.openqa.selenium.remote.RemoteWebElement.execute(RemoteWebElement.java:223)
at org.openqa.selenium.remote.RemoteWebElement.click(RemoteWebElement.java:76)
at annotations.TC002_AmazonAddtocart.addtocartamazon(TC002_AmazonAddtocart.java:21)
at java.base/jdk.internal.reflect.DirectMethodHandleAccessor.invoke(DirectMethodHandleAccessor.java:103)
at java.base/java.lang.reflect.Method.invoke(Method.java:580)
at org.testng.internal.invokers.MethodInvocationHelper.invokeMethod(MethodInvocationHelper.java:141)
at org.testng.internal.invokers.TestInvoker.invokeMethod(TestInvoker.java:687)
at org.testng.internal.invokers.TestInvoker.retryFailed(TestInvoker.java:269)
at org.testng.internal.invokers.MethodRunner.runInSequence(MethodRunner.java:76)
at org.testng.internal.invokers.TestInvoker$MethodInvocationAgent.invoke(TestInvoker.java:995)
at org.testng.internal.invokers.TestInvoker.invokeTestMethods(TestInvoker.java:203)
at org.testng.internal.invokers.TestMethodWorker.invokeTestMethods(TestMethodWorker.java:154)
at org.testng.internal.invokers.TestMethodWorker.run(TestMethodWorker.java:134)
at java.base/java.util.ArrayList.forEach(ArrayList.java:1596)
at org.testng.TestRunner.privateRun(TestRunner.java:741)
at org.testng.TestRunner.run(TestRunner.java:616)
at org.testng.SuiteRunner.runTest(SuiteRunner.java:421)
at org.testng.SuiteRunner.runSequentially(SuiteRunner.java:413)
at org.testng.SuiteRunner.privateRun(SuiteRunner.java:373)
at org.testng.SuiteRunner.run(SuiteRunner.java:312)
at org.testng.SuiteRunnerWorker.runSuite(SuiteRunnerWorker.java:52)
at org.testng.SuiteRunnerWorker.run(SuiteRunnerWorker.java:95)
at org.testng.TestNG.runSuitesSequentially(TestNG.java:1274)
at org.testng.TestNG.runSuitesLocally(TestNG.java:1208)
at org.testng.TestNG.runSuites(TestNG.java:1112)
at org.testng.TestNG.run(TestNG.java:1079)
at org.testng.remote.AbstractRemoteTestNG.run(AbstractRemoteTestNG.java:115)
at org.testng.remote.RemoteTestNG.initAndRun(RemoteTestNG.java:293)
at org.testng.remote.RemoteTestNG.main(RemoteTestNG.java:91)
]]>
    </error>
  </testcase> <!-- addtocartamazon -->
</testsuite> <!-- annotations.TC002_AmazonAddtocart -->
