<?xml version="1.0" encoding="UTF-8"?>
<!-- Generated by org.testng.reporters.JUnitReportReporter -->
<testsuite hostname="Geeta" failures="0" tests="6" name="testNG_Browsers.TestCase2_DropdownOFAmazonproductslist" time="110.101" errors="1" timestamp="2026-06-10T16:53:48 IST" skipped="0">
  <testcase classname="testNG_Browsers.TestCase2_DropdownOFAmazonproductslist" name="dropdownlist" time="12.492"/>
  <testcase classname="testNG_Browsers.TestCase2_DropdownOFAmazonproductslist" name="amazonlinks" time="39.044"/>
  <testcase classname="testNG_Browsers.TestCase2_DropdownOFAmazonproductslist" name="amazonlinks" time="10.046"/>
  <testcase classname="testNG_Browsers.TestCase2_DropdownOFAmazonproductslist" name="dropdownlist" time="18.957"/>
  <testcase classname="testNG_Browsers.TestCase2_DropdownOFAmazonproductslist" name="dropdownlist" time="17.199">
    <error message="Element &lt;option&gt; could not be scrolled into view
Build info: version: &#039;4.43.0&#039;, revision: &#039;dd0f534&#039;
System info: os.name: &#039;Windows 11&#039;, os.arch: &#039;amd64&#039;, os.version: &#039;10.0&#039;, java.version: &#039;21.0.9&#039;
Driver info: org.openqa.selenium.firefox.FirefoxDriver
Command: [53fb8cf1-9d4d-466e-ba98-50c066ab7db9, clickElement {id=be9e1697-b9da-4831-94e2-ee794e311b36}]
Capabilities {acceptInsecureCerts: true, browserName: firefox, browserVersion: 151.0.4, moz:accessibilityChecks: false, moz:buildID: 20260608154138, moz:geckodriverVersion: 0.37.0, moz:headless: false, moz:platformVersion: 10.0, moz:processID: 33804, moz:profile: C:\Users\geeta\AppData\Loca..., moz:shutdownTimeout: 60000, moz:webdriverClick: true, moz:windowless: false, pageLoadStrategy: normal, platformName: windows, proxy: Proxy(), setWindowRect: true, strictFileInteractability: false, timeouts: {implicit: 0, pageLoad: 300000, script: 30000}, unhandledPromptBehavior: dismiss and notify, userAgent: Mozilla/5.0 (Windows NT 10....}
Element: [[[[FirefoxDriver: firefox on windows (53fb8cf1-9d4d-466e-ba98-50c066ab7db9)] -&gt; xpath: //option[text()=&#039;All Categories&#039;]/parent::select]] -&gt; tag name: option]
Session ID: 53fb8cf1-9d4d-466e-ba98-50c066ab7db9" type="org.openqa.selenium.ElementNotInteractableException">
      <![CDATA[org.openqa.selenium.ElementNotInteractableException: Element <option> could not be scrolled into view
Build info: version: '4.43.0', revision: 'dd0f534'
System info: os.name: 'Windows 11', os.arch: 'amd64', os.version: '10.0', java.version: '21.0.9'
Driver info: org.openqa.selenium.firefox.FirefoxDriver
Command: [53fb8cf1-9d4d-466e-ba98-50c066ab7db9, clickElement {id=be9e1697-b9da-4831-94e2-ee794e311b36}]
Capabilities {acceptInsecureCerts: true, browserName: firefox, browserVersion: 151.0.4, moz:accessibilityChecks: false, moz:buildID: 20260608154138, moz:geckodriverVersion: 0.37.0, moz:headless: false, moz:platformVersion: 10.0, moz:processID: 33804, moz:profile: C:\Users\geeta\AppData\Loca..., moz:shutdownTimeout: 60000, moz:webdriverClick: true, moz:windowless: false, pageLoadStrategy: normal, platformName: windows, proxy: Proxy(), setWindowRect: true, strictFileInteractability: false, timeouts: {implicit: 0, pageLoad: 300000, script: 30000}, unhandledPromptBehavior: dismiss and notify, userAgent: Mozilla/5.0 (Windows NT 10....}
Element: [[[[FirefoxDriver: firefox on windows (53fb8cf1-9d4d-466e-ba98-50c066ab7db9)] -> xpath: //option[text()='All Categories']/parent::select]] -> tag name: option]
Session ID: 53fb8cf1-9d4d-466e-ba98-50c066ab7db9
at org.openqa.selenium.remote.ErrorCodec.decode(ErrorCodec.java:169)
at org.openqa.selenium.remote.codec.w3c.W3CHttpResponseCodec.decode(W3CHttpResponseCodec.java:142)
at org.openqa.selenium.remote.codec.w3c.W3CHttpResponseCodec.decode(W3CHttpResponseCodec.java:49)
at org.openqa.selenium.remote.HttpCommandExecutor.execute(HttpCommandExecutor.java:223)
at org.openqa.selenium.remote.service.DriverCommandExecutor.invokeExecute(DriverCommandExecutor.java:216)
at org.openqa.selenium.remote.service.DriverCommandExecutor.execute(DriverCommandExecutor.java:174)
at org.openqa.selenium.remote.RemoteWebDriver.execute(RemoteWebDriver.java:606)
at org.openqa.selenium.remote.RemoteWebElement.execute(RemoteWebElement.java:223)
at org.openqa.selenium.remote.RemoteWebElement.click(RemoteWebElement.java:76)
at org.openqa.selenium.support.ui.Select.setSelected(Select.java:333)
at org.openqa.selenium.support.ui.Select.setSelectedByIndex(Select.java:317)
at org.openqa.selenium.support.ui.Select.selectByIndex(Select.java:176)
at testNG_Browsers.TestCase2_DropdownOFAmazonproductslist.dropdownlist(TestCase2_DropdownOFAmazonproductslist.java:21)
at java.base/jdk.internal.reflect.DirectMethodHandleAccessor.invoke(DirectMethodHandleAccessor.java:103)
at java.base/java.lang.reflect.Method.invoke(Method.java:580)
at org.testng.internal.invokers.MethodInvocationHelper.invokeMethod(MethodInvocationHelper.java:141)
at org.testng.internal.invokers.TestInvoker.invokeMethod(TestInvoker.java:687)
at org.testng.internal.invokers.TestInvoker.invokeTestMethod(TestInvoker.java:230)
at org.testng.internal.invokers.MethodRunner.runInSequence(MethodRunner.java:63)
at org.testng.internal.invokers.TestInvoker$MethodInvocationAgent.invoke(TestInvoker.java:995)
at org.testng.internal.invokers.TestInvoker.invokeTestMethods(TestInvoker.java:203)
at org.testng.internal.invokers.TestMethodWorker.invokeTestMethods(TestMethodWorker.java:154)
at org.testng.internal.invokers.TestMethodWorker.run(TestMethodWorker.java:134)
at java.base/java.util.ArrayList.forEach(ArrayList.java:1596)
at org.testng.TestRunner.privateRun(TestRunner.java:741)
at org.testng.TestRunner.run(TestRunner.java:616)
at org.testng.SuiteRunner.runTest(SuiteRunner.java:421)
at org.testng.SuiteRunner$SuiteWorker.run(SuiteRunner.java:463)
at org.testng.internal.thread.ThreadUtil.lambda$execute$0(ThreadUtil.java:64)
at java.base/java.util.concurrent.FutureTask.run(FutureTask.java:317)
at java.base/java.util.concurrent.ThreadPoolExecutor.runWorker(ThreadPoolExecutor.java:1144)
at java.base/java.util.concurrent.ThreadPoolExecutor$Worker.run(ThreadPoolExecutor.java:642)
at java.base/java.lang.Thread.run(Thread.java:1583)
]]>
    </error>
  </testcase> <!-- dropdownlist -->
  <testcase classname="testNG_Browsers.TestCase2_DropdownOFAmazonproductslist" name="amazonlinks" time="12.363"/>
</testsuite> <!-- testNG_Browsers.TestCase2_DropdownOFAmazonproductslist -->
