<?xml version="1.0" encoding="UTF-8"?>
<!-- Generated by org.testng.reporters.JUnitReportReporter -->
<testsuite hostname="Geeta" failures="0" tests="1" name="testNG_MKT.TimeoutParameter" time="1.013" errors="1" timestamp="2026-06-09T17:05:22 IST" skipped="0">
  <testcase classname="testNG_MKT.TimeoutParameter" name="login" time="1.013">
    <error message="Method testNG_MKT.TimeoutParameter.login() didn&#039;t finish within the time-out 1000" type="org.testng.internal.thread.ThreadTimeoutException">
      <![CDATA[org.testng.internal.thread.ThreadTimeoutException: Method testNG_MKT.TimeoutParameter.login() didn't finish within the time-out 1000
at java.base/java.lang.ProcessImpl.waitForTimeoutInterruptibly(Native Method)
at java.base/java.lang.ProcessImpl.waitFor(ProcessImpl.java:604)
at org.openqa.selenium.os.ExternalProcess.waitFor(ExternalProcess.java:292)
at org.openqa.selenium.manager.SeleniumManager.runCommand(SeleniumManager.java:150)
at org.openqa.selenium.manager.SeleniumManager.getBinaryPaths(SeleniumManager.java:278)
at org.openqa.selenium.remote.service.DriverFinder.getBinaryPaths(DriverFinder.java:103)
at org.openqa.selenium.remote.service.DriverFinder.getDriverPath(DriverFinder.java:54)
at org.openqa.selenium.chrome.ChromeDriver.generateExecutor(ChromeDriver.java:107)
at org.openqa.selenium.chrome.ChromeDriver.<init>(ChromeDriver.java:93)
at org.openqa.selenium.chrome.ChromeDriver.<init>(ChromeDriver.java:87)
at org.openqa.selenium.chrome.ChromeDriver.<init>(ChromeDriver.java:51)
at testNG_MKT.TimeoutParameter.login(TimeoutParameter.java:11)
at java.base/jdk.internal.reflect.DirectMethodHandleAccessor.invoke(DirectMethodHandleAccessor.java:103)
at java.base/java.lang.reflect.Method.invoke(Method.java:580)
at org.testng.internal.invokers.MethodInvocationHelper.invokeMethod(MethodInvocationHelper.java:141)
at org.testng.internal.invokers.InvokeMethodRunnable.runOne(InvokeMethodRunnable.java:47)
at org.testng.internal.invokers.InvokeMethodRunnable.call(InvokeMethodRunnable.java:76)
at org.testng.internal.invokers.InvokeMethodRunnable.call(InvokeMethodRunnable.java:11)
at java.base/java.util.concurrent.FutureTask.run(FutureTask.java:317)
at java.base/java.util.concurrent.ThreadPoolExecutor.runWorker(ThreadPoolExecutor.java:1144)
at java.base/java.util.concurrent.ThreadPoolExecutor$Worker.run(ThreadPoolExecutor.java:642)
at java.base/java.lang.Thread.run(Thread.java:1583)
]]>
    </error>
  </testcase> <!-- login -->
</testsuite> <!-- testNG_MKT.TimeoutParameter -->
