<?xml version="1.0" encoding="UTF-8"?>
<!-- Generated by org.testng.reporters.JUnitReportReporter -->
<testsuite hostname="Geeta" failures="0" tests="3" name="testNG_MKT.TwoTest" time="0.015" errors="0" timestamp="2026-06-09T16:33:24 IST" skipped="0">
  <testcase classname="testNG_MKT.TwoTest" name="registaration" time="0.011"/>
  <testcase classname="testNG_MKT.TwoTest" name="login" time="0.002"/>
  <testcase classname="testNG_MKT.TwoTest" name="logout" time="0.002"/>
</testsuite> <!-- testNG_MKT.TwoTest -->
