<?xml version="1.0" encoding="UTF-8"?>
<!-- Generated by org.testng.reporters.JUnitReportReporter -->
<testsuite hostname="Geeta" failures="0" tests="5" name="DataProvider_testNGAnnotations.LoginTestcasesForFaceook_Dataprovider" time="57.490" errors="0" timestamp="2026-06-20T00:40:52 IST" skipped="0">
  <testcase classname="DataProvider_testNGAnnotations.LoginTestcasesForFaceook_Dataprovider" name="testcases" time="6.043"/>
  <testcase classname="DataProvider_testNGAnnotations.LoginTestcasesForFaceook_Dataprovider" name="testcases" time="6.004"/>
  <testcase classname="DataProvider_testNGAnnotations.LoginTestcasesForFaceook_Dataprovider" name="testcases" time="26.575"/>
  <testcase classname="DataProvider_testNGAnnotations.LoginTestcasesForFaceook_Dataprovider" name="testcases" time="10.398"/>
  <testcase classname="DataProvider_testNGAnnotations.LoginTestcasesForFaceook_Dataprovider" name="testcases" time="8.470"/>
</testsuite> <!-- DataProvider_testNGAnnotations.LoginTestcasesForFaceook_Dataprovider -->
