<?xml version="1.0" encoding="UTF-8"?>
<!-- Generated by org.testng.reporters.JUnitReportReporter -->
<testsuite hostname="Geeta" failures="0" tests="2" name="testNG_Browsers.Test_Scenario2_clickonDropdown" time="49.952" errors="0" timestamp="2026-06-16T17:15:11 IST" skipped="0">
  <testcase classname="testNG_Browsers.Test_Scenario2_clickonDropdown" name="quikrdropdown" time="16.716"/>
  <testcase classname="testNG_Browsers.Test_Scenario2_clickonDropdown" name="searchfortesting" time="33.236"/>
</testsuite> <!-- testNG_Browsers.Test_Scenario2_clickonDropdown -->
