<?xml version="1.0" encoding="UTF-8"?>
<!-- Generated by org.testng.reporters.JUnitReportReporter -->
<testsuite hostname="MKT" failures="0" tests="3" name="testngprograms.TwoTest" time="0.013" errors="0" timestamp="2026-06-04T22:11:10 IST" skipped="0">
  <testcase classname="testngprograms.TwoTest" name="logout" time="0.010"/>
  <testcase classname="testngprograms.TwoTest" name="login" time="0.001"/>
  <testcase classname="testngprograms.TwoTest" name="registration" time="0.002"/>
</testsuite> <!-- testngprograms.TwoTest -->
