<?xml version="1.0" encoding="UTF-8"?>
<!-- Generated by org.testng.reporters.JUnitReportReporter -->
<testsuite hostname="MKT" failures="0" tests="3" name="testngprograms.TwoTest2" time="0.011" errors="0" timestamp="2026-06-04T22:20:23 IST" skipped="1">
  <testcase classname="testngprograms.TwoTest2" name="logout" time="0.009"/>
  <testcase classname="testngprograms.TwoTest2" name="registartion" time="0.002"/>
  <testcase classname="testngprograms.TwoTest2" name="login">
    <skipped/>
  </testcase> <!-- login -->
</testsuite> <!-- testngprograms.TwoTest2 -->
