<?xml version="1.0" encoding="UTF-8"?>
<!-- Generated by org.testng.reporters.JUnitXMLReporter -->
<testsuite ignored="0" hostname="Geeta" failures="0" tests="4" name="EdgeTesting" time="0.148" errors="0" timestamp="2026-06-21T16:53:59 IST">
  <testcase classname="annotations.TC001_Amazon" name="amazonsearch" time="0.001">
    <skipped/>
  </testcase> <!-- amazonsearch -->
  <testcase classname="annotations.TC001_Amazon" name="amazonsearchproduct" time="0.0">
    <skipped/>
  </testcase> <!-- amazonsearchproduct -->
  <testcase classname="annotations.TC002_AmazonAddtocart" name="addtocartamazon" time="0.0">
    <skipped/>
  </testcase> <!-- addtocartamazon -->
  <testcase classname="annotations.TC002_AmazonAddtocart" name="addtocarttoChild" time="0.0">
    <skipped/>
  </testcase> <!-- addtocarttoChild -->
</testsuite> <!-- EdgeTesting -->
