<?xml version="1.0" encoding="UTF-8"?>
<!-- Generated by org.testng.reporters.JUnitXMLReporter -->
<testsuite ignored="0" hostname="Geeta" failures="1" tests="4" name="Testing firefox" time="54.888" errors="0" timestamp="2026-06-21T18:34:33 IST">
  <testcase classname="annotations.TC001_Amazon" name="amazonsearchproduct" time="3.116"/>
  <testcase classname="annotations.TC002_AmazonAddtocart" name="addtocartamazon" time="3.153">
    <skipped/>
  </testcase> <!-- addtocartamazon -->
  <testcase classname="annotations.TC002_AmazonAddtocart" name="addtocartamazon" time="3.136">
    <skipped/>
  </testcase> <!-- addtocartamazon -->
  <testcase classname="annotations.TC002_AmazonAddtocart" name="addtocartamazon" time="3.222">
    <failure type="org.openqa.selenium.ElementNotInteractableException" message="Element &amp;lt;a class=&amp;quot;a-link-normal s-no-outline&amp;quot; href=&amp;quot;/sspa/click?ie=UTF8&amp;amp;spc=MTo4Mzc1NjU2Njc0MTcyNTA2OjE3ODIwNDcwNjc6c3BfYXRmOjMwMTE0MDM1OTg0MzEzMjo6MDo6&amp;amp;url=%2FApple-iPhone-17e-256-GB%2Fdp%2FB0GQVQY8B7%2Fref%3Dsr_1_1_sspa%3Fdib%3DeyJ2IjoiMSJ9.5A1B0sBlFMrX7AfT83xHTj19blULZ6C5Tvw0PdIGxCinISBALLsTTJGTfJkGjAPnBOuJRwwbo8Msw9GFgIec2jCfevATspkpfxn0SS-3z7m7skUJQlgPnhTFW3H2xa6jhAtqaOZUgxZQYsniwOKI7xYbk1fIfCqm-YUU0HmWD-vgfKu3VbeMGo9Mb8bSsPe51fPkd_8JxLZEtpIKe3UJRF7o6UkI0Dc94MoP7cq9Tsk.p64nu78E75oL04OvR-X8Bwd4tXL25D6vcSlQU4eta7g%26dib_tag%3Dse%26keywords%3Dmobiles%26qid%3D1782047067%26sr%3D8-1-spons%26aref%3DLqxC6fyScE%26sp_csd%3Dd2lkZ2V0TmFtZT1zcF9hdGY%26psc%3D1&amp;amp;aref=LqxC6fyScE&amp;amp;sp_cr=ZAZ&amp;quot;&amp;gt; could not be scrolled into view
Build info: version: &amp;apos;4.43.0&amp;apos;, revision: &amp;apos;dd0f534&amp;apos;
System info: os.name: &amp;apos;Windows 11&amp;apos;, os.arch: &amp;apos;amd64&amp;apos;, os.version: &amp;apos;10.0&amp;apos;, java.version: &amp;apos;21.0.9&amp;apos;
Driver info: org.openqa.selenium.firefox.FirefoxDriver
Command: [bb32b5d6-2a36-450d-833d-ce417dee3df2, clickElement {id=95004ea8-7bb2-4a0b-91c1-fa96e9827db7}]
Capabilities {acceptInsecureCerts: true, browserName: firefox, browserVersion: 152.0.1, moz:accessibilityChecks: false, moz:buildID: 20260617213557, moz:geckodriverVersion: 0.37.0, moz:headless: false, moz:platformVersion: 10.0, moz:processID: 38380, moz:profile: C:\Users\geeta\AppData\Loca..., moz:shutdownTimeout: 60000, moz:webdriverClick: true, moz:windowless: false, pageLoadStrategy: normal, platformName: windows, proxy: Proxy(), setWindowRect: true, strictFileInteractability: false, timeouts: {implicit: 0, pageLoad: 300000, script: 30000}, unhandledPromptBehavior: dismiss and notify, userAgent: Mozilla/5.0 (Windows NT 10....}
Element: [[FirefoxDriver: firefox on windows (bb32b5d6-2a36-450d-833d-ce417dee3df2)] -&amp;gt; xpath: //a[@class=&amp;apos;a-link-normal s-no-outline&amp;apos;][1]]
Session ID: bb32b5d6-2a36-450d-833d-ce417dee3df2">
      <![CDATA[org.openqa.selenium.ElementNotInteractableException: Element <a class="a-link-normal s-no-outline" href="/sspa/click?ie=UTF8&spc=MTo4Mzc1NjU2Njc0MTcyNTA2OjE3ODIwNDcwNjc6c3BfYXRmOjMwMTE0MDM1OTg0MzEzMjo6MDo6&url=%2FApple-iPhone-17e-256-GB%2Fdp%2FB0GQVQY8B7%2Fref%3Dsr_1_1_sspa%3Fdib%3DeyJ2IjoiMSJ9.5A1B0sBlFMrX7AfT83xHTj19blULZ6C5Tvw0PdIGxCinISBALLsTTJGTfJkGjAPnBOuJRwwbo8Msw9GFgIec2jCfevATspkpfxn0SS-3z7m7skUJQlgPnhTFW3H2xa6jhAtqaOZUgxZQYsniwOKI7xYbk1fIfCqm-YUU0HmWD-vgfKu3VbeMGo9Mb8bSsPe51fPkd_8JxLZEtpIKe3UJRF7o6UkI0Dc94MoP7cq9Tsk.p64nu78E75oL04OvR-X8Bwd4tXL25D6vcSlQU4eta7g%26dib_tag%3Dse%26keywords%3Dmobiles%26qid%3D1782047067%26sr%3D8-1-spons%26aref%3DLqxC6fyScE%26sp_csd%3Dd2lkZ2V0TmFtZT1zcF9hdGY%26psc%3D1&aref=LqxC6fyScE&sp_cr=ZAZ"> could not be scrolled into view
Build info: version: '4.43.0', revision: 'dd0f534'
System info: os.name: 'Windows 11', os.arch: 'amd64', os.version: '10.0', java.version: '21.0.9'
Driver info: org.openqa.selenium.firefox.FirefoxDriver
Command: [bb32b5d6-2a36-450d-833d-ce417dee3df2, clickElement {id=95004ea8-7bb2-4a0b-91c1-fa96e9827db7}]
Capabilities {acceptInsecureCerts: true, browserName: firefox, browserVersion: 152.0.1, moz:accessibilityChecks: false, moz:buildID: 20260617213557, moz:geckodriverVersion: 0.37.0, moz:headless: false, moz:platformVersion: 10.0, moz:processID: 38380, moz:profile: C:\Users\geeta\AppData\Loca..., moz:shutdownTimeout: 60000, moz:webdriverClick: true, moz:windowless: false, pageLoadStrategy: normal, platformName: windows, proxy: Proxy(), setWindowRect: true, strictFileInteractability: false, timeouts: {implicit: 0, pageLoad: 300000, script: 30000}, unhandledPromptBehavior: dismiss and notify, userAgent: Mozilla/5.0 (Windows NT 10....}
Element: [[FirefoxDriver: firefox on windows (bb32b5d6-2a36-450d-833d-ce417dee3df2)] -> xpath: //a[@class='a-link-normal s-no-outline'][1]]
Session ID: bb32b5d6-2a36-450d-833d-ce417dee3df2
at org.openqa.selenium.remote.ErrorCodec.decode(ErrorCodec.java:169)
at org.openqa.selenium.remote.codec.w3c.W3CHttpResponseCodec.decode(W3CHttpResponseCodec.java:142)
at org.openqa.selenium.remote.codec.w3c.W3CHttpResponseCodec.decode(W3CHttpResponseCodec.java:49)
at org.openqa.selenium.remote.HttpCommandExecutor.execute(HttpCommandExecutor.java:223)
at org.openqa.selenium.remote.service.DriverCommandExecutor.invokeExecute(DriverCommandExecutor.java:216)
at org.openqa.selenium.remote.service.DriverCommandExecutor.execute(DriverCommandExecutor.java:174)
at org.openqa.selenium.remote.RemoteWebDriver.execute(RemoteWebDriver.java:606)
at org.openqa.selenium.remote.RemoteWebElement.execute(RemoteWebElement.java:223)
at org.openqa.selenium.remote.RemoteWebElement.click(RemoteWebElement.java:76)
at annotations.TC002_AmazonAddtocart.addtocartamazon(TC002_AmazonAddtocart.java:21)
at java.base/java.util.ArrayList.forEach(ArrayList.java:1596)
... Removed 25 stack frames]]>
    </failure>
  </testcase> <!-- addtocartamazon -->
</testsuite> <!-- Testing firefox -->
