<?xml version="1.0" encoding="UTF-8"?>
<!-- Generated by org.testng.reporters.JUnitXMLReporter -->
<testsuite ignored="0" hostname="Geeta" failures="0" tests="4" name="Testingchrome" time="79.84" errors="0" timestamp="2026-06-10T16:53:19 IST">
  <testcase classname="testNG_Browsers.TestCase2_DropdownOFAmazonproductslist" name="amazonlinks" time="3.106"/>
  <testcase classname="testNG_Browsers.TestCase2_DropdownOFAmazonproductslist" name="dropdownlist" time="2.627"/>
  <testcase classname="testNG_Browsers.TestCase1_SearchingtheProduct" name="prodctAutosuggesstions" time="12.553"/>
  <testcase classname="testNG_Browsers.TestCase1_SearchingtheProduct" name="searchingtheproduct" time="3.455"/>
</testsuite> <!-- Testingchrome -->
