<?xml version="1.0" encoding="UTF-8"?>
<!-- Generated by org.testng.reporters.JUnitXMLReporter -->
<testsuite ignored="0" hostname="Geeta" failures="0" tests="4" name="Testingedge" time="66.063" errors="0" timestamp="2026-06-10T16:53:06 IST">
  <testcase classname="testNG_Browsers.TestCase2_DropdownOFAmazonproductslist" name="amazonlinks" time="0.232"/>
  <testcase classname="testNG_Browsers.TestCase2_DropdownOFAmazonproductslist" name="dropdownlist" time="3.731"/>
  <testcase classname="testNG_Browsers.TestCase1_SearchingtheProduct" name="prodctAutosuggesstions" time="9.107"/>
  <testcase classname="testNG_Browsers.TestCase1_SearchingtheProduct" name="searchingtheproduct" time="1.586"/>
</testsuite> <!-- Testingedge -->
