<?xml version="1.0" encoding="UTF-8"?>
<!-- Generated by org.testng.reporters.JUnitXMLReporter -->
<testsuite ignored="0" hostname="Geeta" failures="0" tests="9" name="Chrome Testing" time="23.577" errors="0" timestamp="2026-06-09T00:00:15 IST">
  <testcase classname="testNG_MKT.One" name="login" time="18.166"/>
  <testcase classname="testNG_MKT.First_TestNG" name="add" time="0.0"/>
  <testcase classname="testNG_MKT.SecondTestNg_program" name="add" time="0.011"/>
  <testcase classname="testNG_MKT.SecondTestNg_program" name="subtract" time="0.008"/>
  <testcase classname="testNG_MKT.All_Annotations_TestNG" name="logincresentials" time="0.0"/>
  <testcase classname="testNG_MKT.Two" name="logout" time="5.249"/>
  <testcase classname="testNG_MKT.TestNg_program" name="add" time="0.0"/>
  <testcase classname="testNG_MKT.TestNg_program" name="multiply" time="0.008"/>
  <testcase classname="testNG_MKT.TestNg_program" name="subtract" time="0.008"/>
</testsuite> <!-- Chrome Testing -->
