<?xml version="1.0" encoding="UTF-8"?>
<!-- Generated by org.testng.reporters.JUnitXMLReporter -->
<testsuite ignored="0" hostname="Geeta" failures="1" tests="4" name="Testinffirefox" time="58.247" errors="0" timestamp="2026-06-10T16:41:56 IST">
  <testcase classname="testNG_Browsers.TestCase2_DropdownOFAmazonproductslist" name="amazonlinks" time="0.114"/>
  <testcase classname="testNG_Browsers.TestCase2_DropdownOFAmazonproductslist" name="dropdownlist" time="0.367">
    <failure type="org.openqa.selenium.ElementNotInteractableException" message="Element &amp;lt;option&amp;gt; could not be scrolled into view
Build info: version: &amp;apos;4.43.0&amp;apos;, revision: &amp;apos;dd0f534&amp;apos;
System info: os.name: &amp;apos;Windows 11&amp;apos;, os.arch: &amp;apos;amd64&amp;apos;, os.version: &amp;apos;10.0&amp;apos;, java.version: &amp;apos;21.0.9&amp;apos;
Driver info: org.openqa.selenium.firefox.FirefoxDriver
Command: [c15477e5-5826-483c-8f47-67b0cad34517, clickElement {id=e8a2cf80-63a3-4d4e-976a-7fe5b7e52f22}]
Capabilities {acceptInsecureCerts: true, browserName: firefox, browserVersion: 151.0.4, moz:accessibilityChecks: false, moz:buildID: 20260608154138, moz:geckodriverVersion: 0.37.0, moz:headless: false, moz:platformVersion: 10.0, moz:processID: 34316, moz:profile: C:\Users\geeta\AppData\Loca..., moz:shutdownTimeout: 60000, moz:webdriverClick: true, moz:windowless: false, pageLoadStrategy: normal, platformName: windows, proxy: Proxy(), setWindowRect: true, strictFileInteractability: false, timeouts: {implicit: 0, pageLoad: 300000, script: 30000}, unhandledPromptBehavior: dismiss and notify, userAgent: Mozilla/5.0 (Windows NT 10....}
Element: [[[[FirefoxDriver: firefox on windows (c15477e5-5826-483c-8f47-67b0cad34517)] -&amp;gt; xpath: //option[text()=&amp;apos;All Categories&amp;apos;]/parent::select]] -&amp;gt; tag name: option]
Session ID: c15477e5-5826-483c-8f47-67b0cad34517">
      <![CDATA[org.openqa.selenium.ElementNotInteractableException: Element <option> could not be scrolled into view
Build info: version: '4.43.0', revision: 'dd0f534'
System info: os.name: 'Windows 11', os.arch: 'amd64', os.version: '10.0', java.version: '21.0.9'
Driver info: org.openqa.selenium.firefox.FirefoxDriver
Command: [c15477e5-5826-483c-8f47-67b0cad34517, clickElement {id=e8a2cf80-63a3-4d4e-976a-7fe5b7e52f22}]
Capabilities {acceptInsecureCerts: true, browserName: firefox, browserVersion: 151.0.4, moz:accessibilityChecks: false, moz:buildID: 20260608154138, moz:geckodriverVersion: 0.37.0, moz:headless: false, moz:platformVersion: 10.0, moz:processID: 34316, moz:profile: C:\Users\geeta\AppData\Loca..., moz:shutdownTimeout: 60000, moz:webdriverClick: true, moz:windowless: false, pageLoadStrategy: normal, platformName: windows, proxy: Proxy(), setWindowRect: true, strictFileInteractability: false, timeouts: {implicit: 0, pageLoad: 300000, script: 30000}, unhandledPromptBehavior: dismiss and notify, userAgent: Mozilla/5.0 (Windows NT 10....}
Element: [[[[FirefoxDriver: firefox on windows (c15477e5-5826-483c-8f47-67b0cad34517)] -> xpath: //option[text()='All Categories']/parent::select]] -> tag name: option]
Session ID: c15477e5-5826-483c-8f47-67b0cad34517
at org.openqa.selenium.remote.ErrorCodec.decode(ErrorCodec.java:169)
at org.openqa.selenium.remote.codec.w3c.W3CHttpResponseCodec.decode(W3CHttpResponseCodec.java:142)
at org.openqa.selenium.remote.codec.w3c.W3CHttpResponseCodec.decode(W3CHttpResponseCodec.java:49)
at org.openqa.selenium.remote.HttpCommandExecutor.execute(HttpCommandExecutor.java:223)
at org.openqa.selenium.remote.service.DriverCommandExecutor.invokeExecute(DriverCommandExecutor.java:216)
at org.openqa.selenium.remote.service.DriverCommandExecutor.execute(DriverCommandExecutor.java:174)
at org.openqa.selenium.remote.RemoteWebDriver.execute(RemoteWebDriver.java:606)
at org.openqa.selenium.remote.RemoteWebElement.execute(RemoteWebElement.java:223)
at org.openqa.selenium.remote.RemoteWebElement.click(RemoteWebElement.java:76)
at org.openqa.selenium.support.ui.Select.setSelected(Select.java:333)
at org.openqa.selenium.support.ui.Select.setSelectedByIndex(Select.java:317)
at org.openqa.selenium.support.ui.Select.selectByIndex(Select.java:176)
at testNG_Browsers.TestCase2_DropdownOFAmazonproductslist.dropdownlist(TestCase2_DropdownOFAmazonproductslist.java:21)
at java.base/java.util.ArrayList.forEach(ArrayList.java:1596)
... Removed 25 stack frames]]>
    </failure>
  </testcase> <!-- dropdownlist -->
  <testcase classname="testNG_Browsers.TestCase1_SearchingtheProduct" name="prodctAutosuggesstions" time="5.291"/>
  <testcase classname="testNG_Browsers.TestCase1_SearchingtheProduct" name="searchingtheproduct" time="0.107"/>
</testsuite> <!-- Testinffirefox -->
