<?xml version="1.0" encoding="UTF-8"?>
<!-- Generated by org.testng.reporters.JUnitXMLReporter -->
<testsuite ignored="0" hostname="Geeta" failures="1" tests="2" name="Testing Firefox" time="33.025" errors="0" timestamp="2026-06-21T17:36:42 IST">
  <testcase classname="annotations.TC001_Amazon" name="amazonsearchproduct" time="3.206"/>
  <testcase classname="annotations.TC002_AmazonAddtocart" name="addtocartamazon" time="3.25">
    <failure type="org.openqa.selenium.ElementNotInteractableException" message="Element &amp;lt;a class=&amp;quot;a-link-normal s-no-outline&amp;quot; href=&amp;quot;/sspa/click?ie=UTF8&amp;amp;spc=MTo3NDM4NTgzNzE2MDQ2ODc3OjE3ODIwNDM1OTY6c3BfYXRmOjMwMTE0MDM1OTg0MzEzMjo6MDo6&amp;amp;url=%2FApple-iPhone-17e-256-GB%2Fdp%2FB0GQVQY8B7%2Fref%3Dsr_1_1_sspa%3Fdib%3DeyJ2IjoiMSJ9._Io7qUctrYH0DinSixfIz1wJjoPLvkYsHLuVbhnx_vu_oRqj2YmVMHyhexM7eRxJ-tm4p9IKiFue2x2gbvUJsTm1MDUfMQKvtBNvx4ySy3tep6ELO-BOaG5aQS7UQTMVR9FcZErW8AAEIb0zc02rR5StzwIfUJphvUML56iWlfPzquqkv4LimncRAXBFMHQFgtFTW7EEDYY270Dpj9By1cItYfTMvq0WE4MURGwtU-4.67sTCzLORIvjpZOjS6xgGeMjyBvq_-ypEmKWLreyx8E%26dib_tag%3Dse%26keywords%3Dmobiles%26qid%3D1782043596%26sr%3D8-1-spons%26aref%3DLqxC6fyScE%26sp_csd%3Dd2lkZ2V0TmFtZT1zcF9hdGY%26psc%3D1&amp;amp;aref=LqxC6fyScE&amp;amp;sp_cr=ZAZ&amp;quot;&amp;gt; could not be scrolled into view
Build info: version: &amp;apos;4.43.0&amp;apos;, revision: &amp;apos;dd0f534&amp;apos;
System info: os.name: &amp;apos;Windows 11&amp;apos;, os.arch: &amp;apos;amd64&amp;apos;, os.version: &amp;apos;10.0&amp;apos;, java.version: &amp;apos;21.0.9&amp;apos;
Driver info: org.openqa.selenium.firefox.FirefoxDriver
Command: [5f70c8ed-80b2-47ac-be9b-e5cc1a9de36c, clickElement {id=d12c145d-be55-4445-9229-a949febdf463}]
Capabilities {acceptInsecureCerts: true, browserName: firefox, browserVersion: 152.0.1, moz:accessibilityChecks: false, moz:buildID: 20260617213557, moz:geckodriverVersion: 0.37.0, moz:headless: false, moz:platformVersion: 10.0, moz:processID: 8972, moz:profile: C:\Users\geeta\AppData\Loca..., moz:shutdownTimeout: 60000, moz:webdriverClick: true, moz:windowless: false, pageLoadStrategy: normal, platformName: windows, proxy: Proxy(), setWindowRect: true, strictFileInteractability: false, timeouts: {implicit: 0, pageLoad: 300000, script: 30000}, unhandledPromptBehavior: dismiss and notify, userAgent: Mozilla/5.0 (Windows NT 10....}
Element: [[FirefoxDriver: firefox on windows (5f70c8ed-80b2-47ac-be9b-e5cc1a9de36c)] -&amp;gt; xpath: //a[@class=&amp;apos;a-link-normal s-no-outline&amp;apos;][1]]
Session ID: 5f70c8ed-80b2-47ac-be9b-e5cc1a9de36c">
      <![CDATA[org.openqa.selenium.ElementNotInteractableException: Element <a class="a-link-normal s-no-outline" href="/sspa/click?ie=UTF8&spc=MTo3NDM4NTgzNzE2MDQ2ODc3OjE3ODIwNDM1OTY6c3BfYXRmOjMwMTE0MDM1OTg0MzEzMjo6MDo6&url=%2FApple-iPhone-17e-256-GB%2Fdp%2FB0GQVQY8B7%2Fref%3Dsr_1_1_sspa%3Fdib%3DeyJ2IjoiMSJ9._Io7qUctrYH0DinSixfIz1wJjoPLvkYsHLuVbhnx_vu_oRqj2YmVMHyhexM7eRxJ-tm4p9IKiFue2x2gbvUJsTm1MDUfMQKvtBNvx4ySy3tep6ELO-BOaG5aQS7UQTMVR9FcZErW8AAEIb0zc02rR5StzwIfUJphvUML56iWlfPzquqkv4LimncRAXBFMHQFgtFTW7EEDYY270Dpj9By1cItYfTMvq0WE4MURGwtU-4.67sTCzLORIvjpZOjS6xgGeMjyBvq_-ypEmKWLreyx8E%26dib_tag%3Dse%26keywords%3Dmobiles%26qid%3D1782043596%26sr%3D8-1-spons%26aref%3DLqxC6fyScE%26sp_csd%3Dd2lkZ2V0TmFtZT1zcF9hdGY%26psc%3D1&aref=LqxC6fyScE&sp_cr=ZAZ"> could not be scrolled into view
Build info: version: '4.43.0', revision: 'dd0f534'
System info: os.name: 'Windows 11', os.arch: 'amd64', os.version: '10.0', java.version: '21.0.9'
Driver info: org.openqa.selenium.firefox.FirefoxDriver
Command: [5f70c8ed-80b2-47ac-be9b-e5cc1a9de36c, clickElement {id=d12c145d-be55-4445-9229-a949febdf463}]
Capabilities {acceptInsecureCerts: true, browserName: firefox, browserVersion: 152.0.1, moz:accessibilityChecks: false, moz:buildID: 20260617213557, moz:geckodriverVersion: 0.37.0, moz:headless: false, moz:platformVersion: 10.0, moz:processID: 8972, moz:profile: C:\Users\geeta\AppData\Loca..., moz:shutdownTimeout: 60000, moz:webdriverClick: true, moz:windowless: false, pageLoadStrategy: normal, platformName: windows, proxy: Proxy(), setWindowRect: true, strictFileInteractability: false, timeouts: {implicit: 0, pageLoad: 300000, script: 30000}, unhandledPromptBehavior: dismiss and notify, userAgent: Mozilla/5.0 (Windows NT 10....}
Element: [[FirefoxDriver: firefox on windows (5f70c8ed-80b2-47ac-be9b-e5cc1a9de36c)] -> xpath: //a[@class='a-link-normal s-no-outline'][1]]
Session ID: 5f70c8ed-80b2-47ac-be9b-e5cc1a9de36c
at org.openqa.selenium.remote.ErrorCodec.decode(ErrorCodec.java:169)
at org.openqa.selenium.remote.codec.w3c.W3CHttpResponseCodec.decode(W3CHttpResponseCodec.java:142)
at org.openqa.selenium.remote.codec.w3c.W3CHttpResponseCodec.decode(W3CHttpResponseCodec.java:49)
at org.openqa.selenium.remote.HttpCommandExecutor.execute(HttpCommandExecutor.java:223)
at org.openqa.selenium.remote.service.DriverCommandExecutor.invokeExecute(DriverCommandExecutor.java:216)
at org.openqa.selenium.remote.service.DriverCommandExecutor.execute(DriverCommandExecutor.java:174)
at org.openqa.selenium.remote.RemoteWebDriver.execute(RemoteWebDriver.java:606)
at org.openqa.selenium.remote.RemoteWebElement.execute(RemoteWebElement.java:223)
at org.openqa.selenium.remote.RemoteWebElement.click(RemoteWebElement.java:76)
at annotations.TC002_AmazonAddtocart.addtocartamazon(TC002_AmazonAddtocart.java:22)
at java.base/java.util.ArrayList.forEach(ArrayList.java:1596)
... Removed 25 stack frames]]>
    </failure>
  </testcase> <!-- addtocartamazon -->
</testsuite> <!-- Testing Firefox -->
