<?xml version="1.0" encoding="UTF-8"?>
<!-- Generated by org.testng.reporters.JUnitXMLReporter -->
<testsuite ignored="0" hostname="Geeta" failures="0" tests="4" name="TestingChrome" time="44.868" errors="0" timestamp="2026-06-10T16:40:58 IST">
  <testcase classname="testNG_Browsers.TestCase2_DropdownOFAmazonproductslist" name="amazonlinks" time="0.608"/>
  <testcase classname="testNG_Browsers.TestCase2_DropdownOFAmazonproductslist" name="dropdownlist" time="0.626"/>
  <testcase classname="testNG_Browsers.TestCase1_SearchingtheProduct" name="prodctAutosuggesstions" time="5.508"/>
  <testcase classname="testNG_Browsers.TestCase1_SearchingtheProduct" name="searchingtheproduct" time="0.253"/>
</testsuite> <!-- TestingChrome -->
