<?xml version="1.0" encoding="UTF-8"?>
<!-- Generated by org.testng.reporters.JUnitXMLReporter -->
<testsuite ignored="0" hostname="Geeta" failures="0" tests="5" name="ChromeTesting" time="91.988" errors="0" timestamp="2026-06-21T18:18:53 IST">
  <testcase classname="annotations.TC001_Amazon" name="amazonsearchproduct" time="5.964">
    <skipped/>
  </testcase> <!-- amazonsearchproduct -->
  <testcase classname="annotations.TC001_Amazon" name="amazonsearchproduct" time="3.96">
    <skipped/>
  </testcase> <!-- amazonsearchproduct -->
  <testcase classname="annotations.TC001_Amazon" name="amazonsearchproduct" time="6.216"/>
  <testcase classname="annotations.TC002_AmazonAddtocart" name="addtocartamazon" time="8.192">
    <skipped/>
  </testcase> <!-- addtocartamazon -->
  <testcase classname="annotations.TC002_AmazonAddtocart" name="addtocartamazon" time="19.28"/>
</testsuite> <!-- ChromeTesting -->
